<?xml version="1.0" encoding="UTF-8"?>
<!-- Generated by org.testng.reporters.JUnitReportReporter -->
<testsuite hostname="DESKTOP-L3QF5I9" failures="0" tests="1" name="TestRunnerTombile.TmobileTestRunner" time="40.036" errors="0" timestamp="2022-10-18T17:31:17 CDT" skipped="0">
  <testcase classname="TestRunnerTombile.TmobileTestRunner" name="feature" time="40.036"/>
  <system-out/>
</testsuite> <!-- TestRunnerTombile.TmobileTestRunner -->
